app/manifest-merger-release-report.txt
-- Merging decision tree log ---
manifest
ADDED from AndroidManifest.xml:1:1
	package
		ADDED from AndroidManifest.xml:2:5
		INJECTED from AndroidManifest.xml:0:0
		INJECTED from AndroidManifest.xml:0:0
	android:versionName
		INJECTED from AndroidManifest.xml:0:0
		INJECTED from AndroidManifest.xml:0:0
	xmlns:android
		ADDED from AndroidManifest.xml:3:5
	android:versionCode
		INJECTED from AndroidManifest.xml:0:0
		INJECTED from AndroidManifest.xml:0:0
uses-permission#android.permission.INTERNET
ADDED from AndroidManifest.xml:7:5
	android:name
		ADDED from AndroidManifest.xml:7:22
uses-permission#android.permission.ACCESS_WIFI_STATE
ADDED from AndroidManifest.xml:8:5
	android:name
		ADDED from AndroidManifest.xml:8:22
uses-permission#android.permission.ACCESS_NETWORK_STATE
ADDED from AndroidManifest.xml:9:5
	android:name
		ADDED from AndroidManifest.xml:9:22
uses-permission#android.permission.WRITE_EXTERNAL_STORAGE
ADDED from AndroidManifest.xml:10:5
	android:name
		ADDED from AndroidManifest.xml:10:22
uses-permission#android.permission.READ_PHONE_STATE
ADDED from AndroidManifest.xml:12:5
	android:name
		ADDED from AndroidManifest.xml:12:22
uses-permission#android.permission.READ_EXTERNAL_STORAGE
ADDED from AndroidManifest.xml:15:5
	android:name
		ADDED from AndroidManifest.xml:15:22
permission#com.shixian.android.client.permission.JPUSH_MESSAGE
ADDED from AndroidManifest.xml:20:5
	android:protectionLevel
		ADDED from AndroidManifest.xml:20:84
	android:name
		ADDED from AndroidManifest.xml:20:17
uses-permission#com.shixian.android.client.permission.JPUSH_MESSAGE
ADDED from AndroidManifest.xml:23:5
	android:name
		ADDED from AndroidManifest.xml:23:22
uses-permission#android.permission.RECEIVE_USER_PRESENT
ADDED from AndroidManifest.xml:24:5
	android:name
		ADDED from AndroidManifest.xml:24:22
uses-permission#android.permission.WAKE_LOCK
ADDED from AndroidManifest.xml:26:5
	android:name
		ADDED from AndroidManifest.xml:26:22
uses-permission#android.permission.VIBRATE
ADDED from AndroidManifest.xml:30:5
	android:name
		ADDED from AndroidManifest.xml:30:22
uses-permission#android.permission.MOUNT_UNMOUNT_FILESYSTEMS
ADDED from AndroidManifest.xml:31:5
	android:name
		ADDED from AndroidManifest.xml:31:22
uses-permission#android.permission.WRITE_SETTINGS
ADDED from AndroidManifest.xml:33:5
	android:name
		ADDED from AndroidManifest.xml:33:22
uses-permission#android.permission.ACCESS_COARSE_LOCATION
ADDED from AndroidManifest.xml:36:5
	android:name
		ADDED from AndroidManifest.xml:36:22
uses-permission#android.permission.CHANGE_WIFI_STATE
ADDED from AndroidManifest.xml:38:5
	android:name
		ADDED from AndroidManifest.xml:38:22
uses-permission#android.permission.ACCESS_FINE_LOCATION
ADDED from AndroidManifest.xml:39:5
	android:name
		ADDED from AndroidManifest.xml:39:22
uses-permission#android.permission.ACCESS_LOCATION_EXTRA_COMMANDS
ADDED from AndroidManifest.xml:40:5
	android:name
		ADDED from AndroidManifest.xml:40:22
uses-permission#android.permission.CHANGE_NETWORK_STATE
ADDED from AndroidManifest.xml:41:5
	android:name
		ADDED from AndroidManifest.xml:41:22
uses-permission#android.permission.SYSTEM_ALERT_WINDOW
ADDED from AndroidManifest.xml:45:5
	android:name
		ADDED from AndroidManifest.xml:45:22
uses-permission#android.permission.SYSTEM_OVERLAY_WINDOW
ADDED from AndroidManifest.xml:46:5
	android:name
		ADDED from AndroidManifest.xml:46:22
application
ADDED from AndroidManifest.xml:55:5
MERGED from com.android.support:appcompat-v7:21.0.3:16:5
MERGED from com.android.support:support-v4:21.0.3:16:5
MERGED from android-client-last5a:library:unspecified:12:5
MERGED from android-client-last5a:library-circular:unspecified:12:5
	android:label
		ADDED from AndroidManifest.xml:59:9
	android:hardwareAccelerated
		ADDED from AndroidManifest.xml:60:9
	android:allowBackup
		ADDED from AndroidManifest.xml:57:9
	android:icon
		ADDED from AndroidManifest.xml:58:9
	android:theme
		ADDED from AndroidManifest.xml:61:9
	android:name
		ADDED from AndroidManifest.xml:56:9
activity#com.shixian.android.client.activities.LoginActivity
ADDED from AndroidManifest.xml:63:9
	android:screenOrientation
		ADDED from AndroidManifest.xml:64:13
	android:name
		ADDED from AndroidManifest.xml:63:19
intent-filter#android.intent.action.MAIN+android.intent.category.LAUNCHER
ADDED from AndroidManifest.xml:66:13
action#android.intent.action.MAIN
ADDED from AndroidManifest.xml:67:17
	android:name
		ADDED from AndroidManifest.xml:67:25
category#android.intent.category.LAUNCHER
ADDED from AndroidManifest.xml:68:17
	android:name
		ADDED from AndroidManifest.xml:68:27
activity#com.shixian.android.client.activities.MainActivity
ADDED from AndroidManifest.xml:72:9
	android:screenOrientation
		ADDED from AndroidManifest.xml:73:13
	android:label
		ADDED from AndroidManifest.xml:75:13
	android:launchMode
		ADDED from AndroidManifest.xml:77:13
	android:configChanges
		ADDED from AndroidManifest.xml:76:13
	android:name
		ADDED from AndroidManifest.xml:74:13
activity#com.shixian.android.client.activities.DetailActivity
ADDED from AndroidManifest.xml:81:9
	android:screenOrientation
		ADDED from AndroidManifest.xml:82:13
	android:theme
		ADDED from AndroidManifest.xml:83:13
	android:name
		ADDED from AndroidManifest.xml:81:19
activity#com.shixian.android.client.activities.ProjectActivity
ADDED from AndroidManifest.xml:86:9
	android:screenOrientation
		ADDED from AndroidManifest.xml:87:13
	android:theme
		ADDED from AndroidManifest.xml:88:13
	android:name
		ADDED from AndroidManifest.xml:86:19
activity#com.shixian.android.client.activities.UserActivity
ADDED from AndroidManifest.xml:91:9
	android:screenOrientation
		ADDED from AndroidManifest.xml:92:13
	android:theme
		ADDED from AndroidManifest.xml:93:13
	android:name
		ADDED from AndroidManifest.xml:91:19
activity#com.shixian.android.client.activities.SimpleSampleActivity
ADDED from AndroidManifest.xml:97:9
	android:theme
		ADDED from AndroidManifest.xml:98:13
	android:name
		ADDED from AndroidManifest.xml:97:19
activity#com.shixian.android.client.activities.AddIdeaActivity
ADDED from AndroidManifest.xml:101:9
	android:theme
		ADDED from AndroidManifest.xml:102:13
	android:name
		ADDED from AndroidManifest.xml:101:19
activity#com.shixian.android.client.activities.NewProjectActivity
ADDED from AndroidManifest.xml:105:9
	android:theme
		ADDED from AndroidManifest.xml:106:13
	android:name
		ADDED from AndroidManifest.xml:105:19
activity#com.shixian.android.client.activities.WebActivity
ADDED from AndroidManifest.xml:109:9
	android:screenOrientation
		ADDED from AndroidManifest.xml:111:13
	android:theme
		ADDED from AndroidManifest.xml:112:13
	android:name
		ADDED from AndroidManifest.xml:110:13
activity#com.sina.weibo.sdk.component.WeiboSdkBrowser
ADDED from AndroidManifest.xml:117:9
	android:exported
		ADDED from AndroidManifest.xml:120:13
	android:windowSoftInputMode
		ADDED from AndroidManifest.xml:119:13
	android:configChanges
		ADDED from AndroidManifest.xml:118:13
	android:name
		ADDED from AndroidManifest.xml:117:19
service#cn.jpush.android.service.PushService
ADDED from AndroidManifest.xml:124:9
	android:enabled
		ADDED from AndroidManifest.xml:126:13
	android:exported
		ADDED from AndroidManifest.xml:127:13
	android:name
		ADDED from AndroidManifest.xml:125:13
intent-filter#cn.jpush.android.intent.PUSH_TIME+cn.jpush.android.intent.PushService+cn.jpush.android.intent.REGISTER+cn.jpush.android.intent.REPORT
ADDED from AndroidManifest.xml:128:13
action#cn.jpush.android.intent.REGISTER
ADDED from AndroidManifest.xml:129:17
	android:name
		ADDED from AndroidManifest.xml:129:25
action#cn.jpush.android.intent.REPORT
ADDED from AndroidManifest.xml:130:17
	android:name
		ADDED from AndroidManifest.xml:130:25
action#cn.jpush.android.intent.PushService
ADDED from AndroidManifest.xml:131:17
	android:name
		ADDED from AndroidManifest.xml:131:25
action#cn.jpush.android.intent.PUSH_TIME
ADDED from AndroidManifest.xml:132:17
	android:name
		ADDED from AndroidManifest.xml:132:25
receiver#cn.jpush.android.service.PushReceiver
ADDED from AndroidManifest.xml:137:9
	android:enabled
		ADDED from AndroidManifest.xml:139:13
	android:name
		ADDED from AndroidManifest.xml:138:13
intent-filter#cn.jpush.android.intent.NOTIFICATION_RECEIVED_PROXY+com.shixian.android.client
ADDED from AndroidManifest.xml:140:13
	android:priority
		ADDED from AndroidManifest.xml:140:28
action#cn.jpush.android.intent.NOTIFICATION_RECEIVED_PROXY
ADDED from AndroidManifest.xml:141:17
	android:name
		ADDED from AndroidManifest.xml:141:25
category#com.shixian.android.client
ADDED from AndroidManifest.xml:142:17
	android:name
		ADDED from AndroidManifest.xml:142:27
intent-filter#android.intent.action.USER_PRESENT+android.net.conn.CONNECTIVITY_CHANGE
ADDED from AndroidManifest.xml:144:13
action#android.intent.action.USER_PRESENT
ADDED from AndroidManifest.xml:145:17
	android:name
		ADDED from AndroidManifest.xml:145:25
action#android.net.conn.CONNECTIVITY_CHANGE
ADDED from AndroidManifest.xml:146:17
	android:name
		ADDED from AndroidManifest.xml:146:25
intent-filter#android.intent.action.PACKAGE_ADDED+android.intent.action.PACKAGE_REMOVED
ADDED from AndroidManifest.xml:148:13
action#android.intent.action.PACKAGE_ADDED
ADDED from AndroidManifest.xml:149:17
	android:name
		ADDED from AndroidManifest.xml:149:25
action#android.intent.action.PACKAGE_REMOVED
ADDED from AndroidManifest.xml:150:17
	android:name
		ADDED from AndroidManifest.xml:150:25
data
ADDED from AndroidManifest.xml:151:17
	android:scheme
		ADDED from AndroidManifest.xml:151:23
activity#cn.jpush.android.ui.PushActivity
ADDED from AndroidManifest.xml:155:9
	android:configChanges
		ADDED from AndroidManifest.xml:158:13
	android:theme
		ADDED from AndroidManifest.xml:157:13
	android:name
		ADDED from AndroidManifest.xml:156:13
intent-filter#android.intent.category.DEFAULT+cn.jpush.android.ui.PushActivity+com.shixian.android.client
ADDED from AndroidManifest.xml:159:13
action#cn.jpush.android.ui.PushActivity
ADDED from AndroidManifest.xml:160:17
	android:name
		ADDED from AndroidManifest.xml:160:25
category#android.intent.category.DEFAULT
ADDED from AndroidManifest.xml:161:17
	android:name
		ADDED from AndroidManifest.xml:161:27
service#cn.jpush.android.service.DownloadService
ADDED from AndroidManifest.xml:166:9
	android:enabled
		ADDED from AndroidManifest.xml:168:13
	android:exported
		ADDED from AndroidManifest.xml:169:13
	android:name
		ADDED from AndroidManifest.xml:167:13
receiver#cn.jpush.android.service.AlarmReceiver
ADDED from AndroidManifest.xml:172:9
	android:name
		ADDED from AndroidManifest.xml:172:19
receiver#com.shixian.android.client.receivers.MyReceiver
ADDED from AndroidManifest.xml:177:9
	android:enabled
		ADDED from AndroidManifest.xml:179:13
	android:name
		ADDED from AndroidManifest.xml:178:13
intent-filter#cn.jpush.android.intent.ACTION_RICHPUSH_CALLBACK+cn.jpush.android.intent.CONNECTION+cn.jpush.android.intent.MESSAGE_RECEIVED+cn.jpush.android.intent.NOTIFICATION_OPENED+cn.jpush.android.intent.NOTIFICATION_RECEIVED+cn.jpush.android.intent.REGISTRATION+cn.jpush.android.intent.UNREGISTRATION+com.shixian.android.client
ADDED from AndroidManifest.xml:180:13
action#cn.jpush.android.intent.REGISTRATION
ADDED from AndroidManifest.xml:181:17
	android:name
		ADDED from AndroidManifest.xml:181:25
action#cn.jpush.android.intent.UNREGISTRATION
ADDED from AndroidManifest.xml:182:17
	android:name
		ADDED from AndroidManifest.xml:182:25
action#cn.jpush.android.intent.MESSAGE_RECEIVED
ADDED from AndroidManifest.xml:183:17
	android:name
		ADDED from AndroidManifest.xml:183:25
action#cn.jpush.android.intent.NOTIFICATION_RECEIVED
ADDED from AndroidManifest.xml:184:17
	android:name
		ADDED from AndroidManifest.xml:184:25
action#cn.jpush.android.intent.NOTIFICATION_OPENED
ADDED from AndroidManifest.xml:185:17
	android:name
		ADDED from AndroidManifest.xml:185:25
action#cn.jpush.android.intent.ACTION_RICHPUSH_CALLBACK
ADDED from AndroidManifest.xml:186:17
	android:name
		ADDED from AndroidManifest.xml:186:25
action#cn.jpush.android.intent.CONNECTION
ADDED from AndroidManifest.xml:187:17
	android:name
		ADDED from AndroidManifest.xml:187:25
service#com.umeng.update.net.DownloadingService
ADDED from AndroidManifest.xml:194:9
	android:process
		ADDED from AndroidManifest.xml:196:13
	android:name
		ADDED from AndroidManifest.xml:195:13
activity#com.umeng.update.UpdateDialogActivity
ADDED from AndroidManifest.xml:198:9
	android:theme
		ADDED from AndroidManifest.xml:200:13
	android:name
		ADDED from AndroidManifest.xml:199:13
meta-data#JPUSH_CHANNEL
ADDED from AndroidManifest.xml:211:9
	android:value
		ADDED from AndroidManifest.xml:211:49
	android:name
		ADDED from AndroidManifest.xml:211:20
meta-data#JPUSH_APPKEY
ADDED from AndroidManifest.xml:213:9
	android:value
		ADDED from AndroidManifest.xml:213:48
	android:name
		ADDED from AndroidManifest.xml:213:20
meta-data#UMENG_APPKEY
ADDED from AndroidManifest.xml:216:9
	android:value
		ADDED from AndroidManifest.xml:216:20
	android:name
		ADDED from AndroidManifest.xml:216:61
meta-data#UMENG_CHANNEL
ADDED from AndroidManifest.xml:217:9
	android:value
		ADDED from AndroidManifest.xml:217:20
	android:name
		ADDED from AndroidManifest.xml:217:44
uses-sdk
INJECTED from AndroidManifest.xml:0:0 reason: use-sdk injection requested
MERGED from com.android.support:appcompat-v7:21.0.3:15:5
MERGED from com.android.support:support-v4:21.0.3:15:5
MERGED from android-client-last5a:library:unspecified:8:5
MERGED from android-client-last5a:library-circular:unspecified:8:5
	android:targetSdkVersion
		INJECTED from AndroidManifest.xml:0:0
		INJECTED from AndroidManifest.xml:0:0
	android:minSdkVersion
		INJECTED from AndroidManifest.xml:0:0
		INJECTED from AndroidManifest.xml:0:0